<?xml version="1.0" encoding="UTF-8"?>
<testsuite name="asyncFlowInvocation.flow.ReplyToMessagesFlowTest" tests="1" skipped="0" failures="0" errors="0" timestamp="2019-03-11T16:05:18" hostname="AMAC02XH3YTJHCD" time="14.057">
  <properties/>
  <testcase name="Flow runs without errors" classname="asyncFlowInvocation.flow.ReplyToMessagesFlowTest" time="14.057"/>
  <system-out><![CDATA[?[37m[INFO] 12:05:20,833 [Test worker] eddsa.EdDSASecurityProviderRegistrar.getOrCreateProvider - getOrCreateProvider(EdDSA) created instance of net.i2p.crypto.eddsa.EdDSASecurityProvider
?[m?[37m[INFO] 12:05:26,770 [Test worker] cordapp.CordappLoader.apply - Generating a test-only CorDapp of classes discovered for package asyncFlowInvocation in file:/Users/tenzin.kalden/IdeaProjects/asyncFlowInvocation/cordapp/build/classes/kotlin/test/asyncFlowInvocation: build/tmp/generated-test-cordapps/asyncFlowInvocation-a5b0546b-49a8-4455-9fbd-0fa17b5d0475.jar
?[m?[37m[INFO] 12:05:26,797 [Test worker] cordapp.CordappLoader.apply - Generating a test-only CorDapp of classes discovered for package asyncFlowInvocation in file:/Users/tenzin.kalden/IdeaProjects/asyncFlowInvocation/cordapp/build/classes/kotlin/main/asyncFlowInvocation: build/tmp/generated-test-cordapps/asyncFlowInvocation-21eb4fb4-fe45-4453-9a61-6591c37b5cf2.jar
?[m?[37m[INFO] 12:05:26,840 [Test worker] cordapp.CordappLoader.<init> - Loading CorDapps from RestrictedURL(url=file:/Users/tenzin.kalden/IdeaProjects/asyncFlowInvocation/cordapp/build/tmp/generated-test-cordapps/asyncFlowInvocation-a5b0546b-49a8-4455-9fbd-0fa17b5d0475.jar, rootPackageName=null), RestrictedURL(url=file:/Users/tenzin.kalden/IdeaProjects/asyncFlowInvocation/cordapp/build/tmp/generated-test-cordapps/asyncFlowInvocation-21eb4fb4-fe45-4453-9a61-6591c37b5cf2.jar, rootPackageName=null)
?[m?[37m[INFO] 12:05:26,868 [Test worker] internal.InternalMockNetwork$MockNode.start - Node starting up ...
?[m?[31m[WARN] 12:05:26,872 [Test worker] internal.InternalMockNetwork$MockNode.initCertificate - Corda node is running in dev mode.
?[m?[37m[INFO] 12:05:26,885 [Test worker] cordapp.CordappLoader.scanCordapp - Scanning CorDapp in file:/Users/tenzin.kalden/IdeaProjects/asyncFlowInvocation/cordapp/build/tmp/generated-test-cordapps/asyncFlowInvocation-a5b0546b-49a8-4455-9fbd-0fa17b5d0475.jar
?[m?[37m[INFO] 12:05:26,915 [Test worker] cordapp.CordappLoader.scanCordapp - Scanning CorDapp in file:/Users/tenzin.kalden/IdeaProjects/asyncFlowInvocation/cordapp/build/tmp/generated-test-cordapps/asyncFlowInvocation-21eb4fb4-fe45-4453-9a61-6591c37b5cf2.jar
?[m?[37m[INFO] 12:05:27,016 [Test worker] internal.NetworkParametersReader.retrieveNetworkParameters - Loaded network parameters: net.corda.core.internal.SignedDataWithCert@4f499a70
?[m?[37m[INFO] 12:05:27,149 [Test worker] hikari.HikariDataSource.<init> - HikariPool-1 - Started.
?[m?[37m[INFO] 12:05:27,634 [Test worker] internal.InternalMockNetwork$MockNode.invoke - Connected to H2 database.
?[m?[37m[INFO] 12:05:27,680 [Test worker] persistence.HibernateConfiguration.<init> - Init HibernateConfiguration for schemas: [CommonSchemaV1(name=net.corda.core.schemas.CommonSchema, version=1), VaultSchemaV1(name=net.corda.node.services.vault.VaultSchema, version=1), NodeInfoSchemaV1(name=net.corda.node.internal.schemas.NodeInfoSchema, version=1), NodeCoreV1(name=net.corda.node.services.schema.NodeSchemaService$NodeCore, version=1), NodeNotaryV1(name=net.corda.node.services.schema.NodeSchemaService$NodeNotary, version=1)]
?[m?[37m[INFO] 12:05:27,683 [Test worker] persistence.HibernateConfiguration.makeSessionFactoryForSchemas - Creating session factory for schemas: [CommonSchemaV1(name=net.corda.core.schemas.CommonSchema, version=1), VaultSchemaV1(name=net.corda.node.services.vault.VaultSchema, version=1), NodeInfoSchemaV1(name=net.corda.node.internal.schemas.NodeInfoSchema, version=1), NodeCoreV1(name=net.corda.node.services.schema.NodeSchemaService$NodeCore, version=1), NodeNotaryV1(name=net.corda.node.services.schema.NodeSchemaService$NodeNotary, version=1)]
?[m?[37m[INFO] 12:05:27,895 [Test worker] hibernate.Version.logVersion - HHH000412: Hibernate Core {5.2.6.Final}
?[m?[37m[INFO] 12:05:27,901 [Test worker] cfg.Environment.<clinit> - HHH000206: hibernate.properties not found
?[m?[37m[INFO] 12:05:27,979 [Test worker] common.Version.<clinit> - HCANN000001: Hibernate Commons Annotations {5.0.1.Final}
?[m?[37m[INFO] 12:05:28,087 [Test worker] internal.ConnectionProviderInitiator.initiateService - HHH000130: Instantiating explicit connection provider: net.corda.nodeapi.internal.persistence.HibernateConfiguration$NodeDatabaseConnectionProvider
?[m?[37m[INFO] 12:05:28,112 [Test worker] dialect.Dialect.<init> - HHH000400: Using dialect: org.hibernate.dialect.H2Dialect
?[m?[37m[INFO] 12:05:28,174 [Test worker] type.BasicTypeRegistry.register - HHH000270: Type registration [materialized_blob] overrides previous : org.hibernate.type.MaterializedBlobType@2f12a5
?[m?[37m[INFO] 12:05:29,307 [Test worker] connections.access.getIsolatedConnection - HHH10001501: Connection obtained from JdbcConnectionAccess [org.hibernate.engine.jdbc.env.internal.JdbcEnvironmentInitiator$ConnectionProviderJdbcConnectionAccess@432494bd] for (non-JTA) DDL execution was not in auto-commit mode; the Connection 'local transaction' will be committed and the Connection will be set into auto-commit mode.
?[m?[37m[INFO] 12:05:29,479 [Test worker] persistence.HibernateConfiguration.makeSessionFactoryForSchemas - Created session factory for schemas: [CommonSchemaV1(name=net.corda.core.schemas.CommonSchema, version=1), VaultSchemaV1(name=net.corda.node.services.vault.VaultSchema, version=1), NodeInfoSchemaV1(name=net.corda.node.internal.schemas.NodeInfoSchema, version=1), NodeCoreV1(name=net.corda.node.services.schema.NodeSchemaService$NodeCore, version=1), NodeNotaryV1(name=net.corda.node.services.schema.NodeSchemaService$NodeNotary, version=1)]
?[m?[37m[INFO] 12:05:29,747 [Test worker] internal.QueryTranslatorFactoryInitiator.initiateService - HHH000397: Using ASTQueryTranslatorFactory
?[m?[37m[INFO] 12:05:29,971 [Test worker] internal.InternalMockNetwork$MockNode.updateNodeInfo - Node-info has changed so submitting update. Old node-info was null
?[m?[37m[INFO] 12:05:29,973 [Test worker] network.PersistentNetworkMapCache.addNode - Adding node with info: NodeInfo(addresses=[mock.node:1000], legalIdentitiesAndCerts=[O=Notary, L=London, C=GB], platformVersion=1, serial=1552320329973)
?[m?[37m[INFO] 12:05:29,984 [Test worker] network.PersistentNetworkMapCache.addNode - No previous node found
?[m?[37m[INFO] 12:05:30,066 [Test worker] network.PersistentNetworkMapCache.addNode - Done adding node with info: NodeInfo(addresses=[mock.node:1000], legalIdentitiesAndCerts=[O=Notary, L=London, C=GB], platformVersion=1, serial=1552320329973)
?[m?[37m[INFO] 12:05:30,068 [Test worker] internal.InternalMockNetwork$MockNode.updateNodeInfo - New node-info: NodeInfo(addresses=[mock.node:1000], legalIdentitiesAndCerts=[O=Notary, L=London, C=GB], platformVersion=1, serial=1552320329973)
?[m?[37m[INFO] 12:05:30,212 [Test worker] persistence.NodeAttachmentService.invoke - Stored new attachment 388669222A848B2C0C0F22683B18BF8A9200175A8677D4DA0FD809AFD34411CD
?[m?[31m[WARN] 12:05:30,218 [Test worker] cordapp.CordappProviderImpl.verifyInstalledCordapps - The network parameters don't specify any whitelisted contract implementations. Please contact your zone operator. See https://docs.corda.net/network-map.html
?[m?[37m[INFO] 12:05:30,302 [Test worker] internal.InternalMockNetwork$MockNode.makeNotaryService - Running core notary: net.corda.node.services.transactions.ValidatingNotaryService
?[m?[37m[INFO] 12:05:30,404 [Test worker] internal.InternalMockNetwork$MockNode.installCordaService - Installed asyncFlowInvocation.services.MessageService Corda service
?[m?[37m[INFO] 12:05:30,412 [Test worker] internal.InternalMockNetwork$MockNode.registerInitiatedFlowInternal - Registered asyncFlowInvocation.Initiator to initiate asyncFlowInvocation.Responder (version 1)
?[m?[37m[INFO] 12:05:30,416 [Test worker] internal.InternalMockNetwork$MockNode.registerInitiatedFlowInternal - Registered asyncFlowInvocation.flow.SendMessageFlow to initiate asyncFlowInvocation.flow.SendMessageResponder (version 1)
?[m?[31m[WARN] 12:05:30,455 [Test worker] utilities.AppendOnlyPersistentMapBase.set - Double insert in net.corda.node.utilities.AppendOnlyPersistentMap for entity class class net.corda.node.services.identity.PersistentIdentityService$PersistentIdentity key A1E6C56B8E948F5326DE9DE186E38FFA7A8247B0E17B7F202751C698C4FC537F, not inserting the second time
?[m?[37m[INFO] 12:05:30,508 [Test worker] network.PersistentNetworkMapCache.addNode - Adding node with info: NodeInfo(addresses=[mock.node:1000], legalIdentitiesAndCerts=[O=Notary, L=London, C=GB], platformVersion=1, serial=1552320329973)
?[m?[37m[INFO] 12:05:30,526 [Test worker] network.PersistentNetworkMapCache.addNode - Previous node was identical to incoming one - doing nothing
?[m?[37m[INFO] 12:05:30,528 [Test worker] network.PersistentNetworkMapCache.addNode - Done adding node with info: NodeInfo(addresses=[mock.node:1000], legalIdentitiesAndCerts=[O=Notary, L=London, C=GB], platformVersion=1, serial=1552320329973)
?[m?[37m[INFO] 12:05:30,530 [Test worker] network.PersistentNetworkMapCache.addNode - Adding node with info: NodeInfo(addresses=[mock.node:1000], legalIdentitiesAndCerts=[O=Notary, L=London, C=GB], platformVersion=1, serial=1552320329973)
?[m?[37m[INFO] 12:05:30,531 [Test worker] network.PersistentNetworkMapCache.addNode - Previous node was identical to incoming one - doing nothing
?[m?[37m[INFO] 12:05:30,533 [Test worker] network.PersistentNetworkMapCache.addNode - Done adding node with info: NodeInfo(addresses=[mock.node:1000], legalIdentitiesAndCerts=[O=Notary, L=London, C=GB], platformVersion=1, serial=1552320329973)
?[m?[37m[INFO] 12:05:30,539 [Test worker] internal.InternalMockNetwork$MockNode.start - Node starting up ...
?[m?[31m[WARN] 12:05:30,541 [Test worker] internal.InternalMockNetwork$MockNode.initCertificate - Corda node is running in dev mode.
?[m?[37m[INFO] 12:05:30,559 [Test worker] internal.InternalMockNetwork$MockNode.obtainIdentity - identity-private-key not found in key store /nodes/1/certificates/nodekeystore.jks, generating fresh key!
?[m?[37m[INFO] 12:05:30,569 [Test worker] internal.NetworkParametersReader.retrieveNetworkParameters - Loaded network parameters: net.corda.core.internal.SignedDataWithCert@4074b07b
?[m?[37m[INFO] 12:05:30,573 [Test worker] hikari.HikariDataSource.<init> - HikariPool-2 - Started.
?[m?[37m[INFO] 12:05:30,581 [Test worker] internal.InternalMockNetwork$MockNode.invoke - Connected to H2 database.
?[m?[37m[INFO] 12:05:30,583 [Test worker] persistence.HibernateConfiguration.<init> - Init HibernateConfiguration for schemas: [CommonSchemaV1(name=net.corda.core.schemas.CommonSchema, version=1), VaultSchemaV1(name=net.corda.node.services.vault.VaultSchema, version=1), NodeInfoSchemaV1(name=net.corda.node.internal.schemas.NodeInfoSchema, version=1), NodeCoreV1(name=net.corda.node.services.schema.NodeSchemaService$NodeCore, version=1)]
?[m?[37m[INFO] 12:05:30,585 [Test worker] persistence.HibernateConfiguration.makeSessionFactoryForSchemas - Creating session factory for schemas: [CommonSchemaV1(name=net.corda.core.schemas.CommonSchema, version=1), VaultSchemaV1(name=net.corda.node.services.vault.VaultSchema, version=1), NodeInfoSchemaV1(name=net.corda.node.internal.schemas.NodeInfoSchema, version=1), NodeCoreV1(name=net.corda.node.services.schema.NodeSchemaService$NodeCore, version=1)]
?[m?[37m[INFO] 12:05:30,590 [Test worker] internal.ConnectionProviderInitiator.initiateService - HHH000130: Instantiating explicit connection provider: net.corda.nodeapi.internal.persistence.HibernateConfiguration$NodeDatabaseConnectionProvider
?[m?[37m[INFO] 12:05:30,592 [Test worker] dialect.Dialect.<init> - HHH000400: Using dialect: org.hibernate.dialect.H2Dialect
?[m?[37m[INFO] 12:05:30,597 [Test worker] type.BasicTypeRegistry.register - HHH000270: Type registration [materialized_blob] overrides previous : org.hibernate.type.MaterializedBlobType@2f12a5
?[m?[37m[INFO] 12:05:30,657 [Test worker] connections.access.getIsolatedConnection - HHH10001501: Connection obtained from JdbcConnectionAccess [org.hibernate.engine.jdbc.env.internal.JdbcEnvironmentInitiator$ConnectionProviderJdbcConnectionAccess@1a348105] for (non-JTA) DDL execution was not in auto-commit mode; the Connection 'local transaction' will be committed and the Connection will be set into auto-commit mode.
?[m?[37m[INFO] 12:05:30,686 [Test worker] persistence.HibernateConfiguration.makeSessionFactoryForSchemas - Created session factory for schemas: [CommonSchemaV1(name=net.corda.core.schemas.CommonSchema, version=1), VaultSchemaV1(name=net.corda.node.services.vault.VaultSchema, version=1), NodeInfoSchemaV1(name=net.corda.node.internal.schemas.NodeInfoSchema, version=1), NodeCoreV1(name=net.corda.node.services.schema.NodeSchemaService$NodeCore, version=1)]
?[m?[37m[INFO] 12:05:30,688 [Test worker] internal.QueryTranslatorFactoryInitiator.initiateService - HHH000397: Using ASTQueryTranslatorFactory
?[m?[37m[INFO] 12:05:30,694 [Test worker] internal.InternalMockNetwork$MockNode.updateNodeInfo - Node-info has changed so submitting update. Old node-info was null
?[m?[37m[INFO] 12:05:30,696 [Test worker] network.PersistentNetworkMapCache.addNode - Adding node with info: NodeInfo(addresses=[mock.node:1000], legalIdentitiesAndCerts=[O=PartyA, L=Berlin, C=DE], platformVersion=1, serial=1552320330696)
?[m?[37m[INFO] 12:05:30,700 [Test worker] network.PersistentNetworkMapCache.addNode - No previous node found
?[m?[37m[INFO] 12:05:30,705 [Test worker] network.PersistentNetworkMapCache.addNode - Done adding node with info: NodeInfo(addresses=[mock.node:1000], legalIdentitiesAndCerts=[O=PartyA, L=Berlin, C=DE], platformVersion=1, serial=1552320330696)
?[m?[37m[INFO] 12:05:30,706 [Test worker] internal.InternalMockNetwork$MockNode.updateNodeInfo - New node-info: NodeInfo(addresses=[mock.node:1000], legalIdentitiesAndCerts=[O=PartyA, L=Berlin, C=DE], platformVersion=1, serial=1552320330696)
?[m?[37m[INFO] 12:05:30,760 [Test worker] persistence.NodeAttachmentService.invoke - Stored new attachment 388669222A848B2C0C0F22683B18BF8A9200175A8677D4DA0FD809AFD34411CD
?[m?[31m[WARN] 12:05:30,762 [Test worker] cordapp.CordappProviderImpl.verifyInstalledCordapps - The network parameters don't specify any whitelisted contract implementations. Please contact your zone operator. See https://docs.corda.net/network-map.html
?[m?[37m[INFO] 12:05:30,772 [Test worker] internal.InternalMockNetwork$MockNode.installCordaService - Installed asyncFlowInvocation.services.MessageService Corda service
?[m?[37m[INFO] 12:05:30,774 [Test worker] internal.InternalMockNetwork$MockNode.registerInitiatedFlowInternal - Registered asyncFlowInvocation.Initiator to initiate asyncFlowInvocation.Responder (version 1)
?[m?[37m[INFO] 12:05:30,776 [Test worker] internal.InternalMockNetwork$MockNode.registerInitiatedFlowInternal - Registered asyncFlowInvocation.flow.SendMessageFlow to initiate asyncFlowInvocation.flow.SendMessageResponder (version 1)
?[m?[31m[WARN] 12:05:30,785 [Test worker] utilities.AppendOnlyPersistentMapBase.set - Double insert in net.corda.node.utilities.AppendOnlyPersistentMap for entity class class net.corda.node.services.identity.PersistentIdentityService$PersistentIdentity key 07F5DE2C5884A7B76124B1F1BD5D2CF1321E4E182E5505F3D0BD68460F805294, not inserting the second time
?[m?[37m[INFO] 12:05:30,791 [Test worker] network.PersistentNetworkMapCache.addNode - Adding node with info: NodeInfo(addresses=[mock.node:1000], legalIdentitiesAndCerts=[O=Notary, L=London, C=GB], platformVersion=1, serial=1552320329973)
?[m?[37m[INFO] 12:05:30,795 [Test worker] network.PersistentNetworkMapCache.addNode - No previous node found
?[m?[37m[INFO] 12:05:30,806 [Test worker] network.PersistentNetworkMapCache.addNode - Done adding node with info: NodeInfo(addresses=[mock.node:1000], legalIdentitiesAndCerts=[O=Notary, L=London, C=GB], platformVersion=1, serial=1552320329973)
?[m?[37m[INFO] 12:05:30,807 [Test worker] network.PersistentNetworkMapCache.addNode - Adding node with info: NodeInfo(addresses=[mock.node:1000], legalIdentitiesAndCerts=[O=PartyA, L=Berlin, C=DE], platformVersion=1, serial=1552320330696)
?[m?[37m[INFO] 12:05:30,810 [Test worker] network.PersistentNetworkMapCache.addNode - No previous node found
?[m?[37m[INFO] 12:05:30,820 [Test worker] network.PersistentNetworkMapCache.addNode - Done adding node with info: NodeInfo(addresses=[mock.node:1000], legalIdentitiesAndCerts=[O=PartyA, L=Berlin, C=DE], platformVersion=1, serial=1552320330696)
?[m?[37m[INFO] 12:05:30,822 [Test worker] network.PersistentNetworkMapCache.addNode - Adding node with info: NodeInfo(addresses=[mock.node:1000], legalIdentitiesAndCerts=[O=PartyA, L=Berlin, C=DE], platformVersion=1, serial=1552320330696)
?[m?[37m[INFO] 12:05:30,827 [Test worker] network.PersistentNetworkMapCache.addNode - Previous node was identical to incoming one - doing nothing
?[m?[37m[INFO] 12:05:30,828 [Test worker] network.PersistentNetworkMapCache.addNode - Done adding node with info: NodeInfo(addresses=[mock.node:1000], legalIdentitiesAndCerts=[O=PartyA, L=Berlin, C=DE], platformVersion=1, serial=1552320330696)
?[m?[37m[INFO] 12:05:30,830 [Test worker] network.PersistentNetworkMapCache.addNode - Adding node with info: NodeInfo(addresses=[mock.node:1000], legalIdentitiesAndCerts=[O=PartyA, L=Berlin, C=DE], platformVersion=1, serial=1552320330696)
?[m?[37m[INFO] 12:05:30,831 [Test worker] network.PersistentNetworkMapCache.addNode - Previous node was identical to incoming one - doing nothing
?[m?[37m[INFO] 12:05:30,832 [Test worker] network.PersistentNetworkMapCache.addNode - Done adding node with info: NodeInfo(addresses=[mock.node:1000], legalIdentitiesAndCerts=[O=PartyA, L=Berlin, C=DE], platformVersion=1, serial=1552320330696)
?[m?[37m[INFO] 12:05:30,836 [Test worker] internal.InternalMockNetwork$MockNode.start - Node starting up ...
?[m?[31m[WARN] 12:05:30,837 [Test worker] internal.InternalMockNetwork$MockNode.initCertificate - Corda node is running in dev mode.
?[m?[37m[INFO] 12:05:30,854 [Test worker] internal.InternalMockNetwork$MockNode.obtainIdentity - identity-private-key not found in key store /nodes/2/certificates/nodekeystore.jks, generating fresh key!
?[m?[37m[INFO] 12:05:30,862 [Test worker] internal.NetworkParametersReader.retrieveNetworkParameters - Loaded network parameters: net.corda.core.internal.SignedDataWithCert@50862289
?[m?[37m[INFO] 12:05:30,865 [Test worker] hikari.HikariDataSource.<init> - HikariPool-3 - Started.
?[m?[37m[INFO] 12:05:30,871 [Test worker] internal.InternalMockNetwork$MockNode.invoke - Connected to H2 database.
?[m?[37m[INFO] 12:05:30,873 [Test worker] persistence.HibernateConfiguration.<init> - Init HibernateConfiguration for schemas: [CommonSchemaV1(name=net.corda.core.schemas.CommonSchema, version=1), VaultSchemaV1(name=net.corda.node.services.vault.VaultSchema, version=1), NodeInfoSchemaV1(name=net.corda.node.internal.schemas.NodeInfoSchema, version=1), NodeCoreV1(name=net.corda.node.services.schema.NodeSchemaService$NodeCore, version=1)]
?[m?[37m[INFO] 12:05:30,875 [Test worker] persistence.HibernateConfiguration.makeSessionFactoryForSchemas - Creating session factory for schemas: [CommonSchemaV1(name=net.corda.core.schemas.CommonSchema, version=1), VaultSchemaV1(name=net.corda.node.services.vault.VaultSchema, version=1), NodeInfoSchemaV1(name=net.corda.node.internal.schemas.NodeInfoSchema, version=1), NodeCoreV1(name=net.corda.node.services.schema.NodeSchemaService$NodeCore, version=1)]
?[m?[37m[INFO] 12:05:30,880 [Test worker] internal.ConnectionProviderInitiator.initiateService - HHH000130: Instantiating explicit connection provider: net.corda.nodeapi.internal.persistence.HibernateConfiguration$NodeDatabaseConnectionProvider
?[m?[37m[INFO] 12:05:30,882 [Test worker] dialect.Dialect.<init> - HHH000400: Using dialect: org.hibernate.dialect.H2Dialect
?[m?[37m[INFO] 12:05:30,886 [Test worker] type.BasicTypeRegistry.register - HHH000270: Type registration [materialized_blob] overrides previous : org.hibernate.type.MaterializedBlobType@2f12a5
?[m?[37m[INFO] 12:05:30,942 [Test worker] connections.access.getIsolatedConnection - HHH10001501: Connection obtained from JdbcConnectionAccess [org.hibernate.engine.jdbc.env.internal.JdbcEnvironmentInitiator$ConnectionProviderJdbcConnectionAccess@2795cd18] for (non-JTA) DDL execution was not in auto-commit mode; the Connection 'local transaction' will be committed and the Connection will be set into auto-commit mode.
?[m?[37m[INFO] 12:05:30,964 [Test worker] persistence.HibernateConfiguration.makeSessionFactoryForSchemas - Created session factory for schemas: [CommonSchemaV1(name=net.corda.core.schemas.CommonSchema, version=1), VaultSchemaV1(name=net.corda.node.services.vault.VaultSchema, version=1), NodeInfoSchemaV1(name=net.corda.node.internal.schemas.NodeInfoSchema, version=1), NodeCoreV1(name=net.corda.node.services.schema.NodeSchemaService$NodeCore, version=1)]
?[m?[37m[INFO] 12:05:30,966 [Test worker] internal.QueryTranslatorFactoryInitiator.initiateService - HHH000397: Using ASTQueryTranslatorFactory
?[m?[37m[INFO] 12:05:30,972 [Test worker] internal.InternalMockNetwork$MockNode.updateNodeInfo - Node-info has changed so submitting update. Old node-info was null
?[m?[37m[INFO] 12:05:30,973 [Test worker] network.PersistentNetworkMapCache.addNode - Adding node with info: NodeInfo(addresses=[mock.node:1000], legalIdentitiesAndCerts=[O=PartyB, L=Berlin, C=DE], platformVersion=1, serial=1552320330973)
?[m?[37m[INFO] 12:05:30,977 [Test worker] network.PersistentNetworkMapCache.addNode - No previous node found
?[m?[37m[INFO] 12:05:30,982 [Test worker] network.PersistentNetworkMapCache.addNode - Done adding node with info: NodeInfo(addresses=[mock.node:1000], legalIdentitiesAndCerts=[O=PartyB, L=Berlin, C=DE], platformVersion=1, serial=1552320330973)
?[m?[37m[INFO] 12:05:30,983 [Test worker] internal.InternalMockNetwork$MockNode.updateNodeInfo - New node-info: NodeInfo(addresses=[mock.node:1000], legalIdentitiesAndCerts=[O=PartyB, L=Berlin, C=DE], platformVersion=1, serial=1552320330973)
?[m?[37m[INFO] 12:05:31,036 [Test worker] persistence.NodeAttachmentService.invoke - Stored new attachment 388669222A848B2C0C0F22683B18BF8A9200175A8677D4DA0FD809AFD34411CD
?[m?[31m[WARN] 12:05:31,038 [Test worker] cordapp.CordappProviderImpl.verifyInstalledCordapps - The network parameters don't specify any whitelisted contract implementations. Please contact your zone operator. See https://docs.corda.net/network-map.html
?[m?[37m[INFO] 12:05:31,047 [Test worker] internal.InternalMockNetwork$MockNode.installCordaService - Installed asyncFlowInvocation.services.MessageService Corda service
?[m?[37m[INFO] 12:05:31,048 [Test worker] internal.InternalMockNetwork$MockNode.registerInitiatedFlowInternal - Registered asyncFlowInvocation.Initiator to initiate asyncFlowInvocation.Responder (version 1)
?[m?[37m[INFO] 12:05:31,049 [Test worker] internal.InternalMockNetwork$MockNode.registerInitiatedFlowInternal - Registered asyncFlowInvocation.flow.SendMessageFlow to initiate asyncFlowInvocation.flow.SendMessageResponder (version 1)
?[m?[31m[WARN] 12:05:31,060 [Test worker] utilities.AppendOnlyPersistentMapBase.set - Double insert in net.corda.node.utilities.AppendOnlyPersistentMap for entity class class net.corda.node.services.identity.PersistentIdentityService$PersistentIdentity key 327E5F38A05E299806C861A6EF14BE782664CE83D9FBE7E52D5972C62EEA7029, not inserting the second time
?[m?[37m[INFO] 12:05:31,068 [Test worker] network.PersistentNetworkMapCache.addNode - Adding node with info: NodeInfo(addresses=[mock.node:1000], legalIdentitiesAndCerts=[O=Notary, L=London, C=GB], platformVersion=1, serial=1552320329973)
?[m?[37m[INFO] 12:05:31,071 [Test worker] network.PersistentNetworkMapCache.addNode - No previous node found
?[m?[37m[INFO] 12:05:31,079 [Test worker] network.PersistentNetworkMapCache.addNode - Done adding node with info: NodeInfo(addresses=[mock.node:1000], legalIdentitiesAndCerts=[O=Notary, L=London, C=GB], platformVersion=1, serial=1552320329973)
?[m?[37m[INFO] 12:05:31,080 [Test worker] network.PersistentNetworkMapCache.addNode - Adding node with info: NodeInfo(addresses=[mock.node:1000], legalIdentitiesAndCerts=[O=PartyB, L=Berlin, C=DE], platformVersion=1, serial=1552320330973)
?[m?[37m[INFO] 12:05:31,083 [Test worker] network.PersistentNetworkMapCache.addNode - No previous node found
?[m?[37m[INFO] 12:05:31,093 [Test worker] network.PersistentNetworkMapCache.addNode - Done adding node with info: NodeInfo(addresses=[mock.node:1000], legalIdentitiesAndCerts=[O=PartyB, L=Berlin, C=DE], platformVersion=1, serial=1552320330973)
?[m?[37m[INFO] 12:05:31,095 [Test worker] network.PersistentNetworkMapCache.addNode - Adding node with info: NodeInfo(addresses=[mock.node:1000], legalIdentitiesAndCerts=[O=PartyA, L=Berlin, C=DE], platformVersion=1, serial=1552320330696)
?[m?[37m[INFO] 12:05:31,097 [Test worker] network.PersistentNetworkMapCache.addNode - No previous node found
?[m?[37m[INFO] 12:05:31,107 [Test worker] network.PersistentNetworkMapCache.addNode - Done adding node with info: NodeInfo(addresses=[mock.node:1000], legalIdentitiesAndCerts=[O=PartyA, L=Berlin, C=DE], platformVersion=1, serial=1552320330696)
?[m?[37m[INFO] 12:05:31,108 [Test worker] network.PersistentNetworkMapCache.addNode - Adding node with info: NodeInfo(addresses=[mock.node:1000], legalIdentitiesAndCerts=[O=PartyB, L=Berlin, C=DE], platformVersion=1, serial=1552320330973)
?[m?[37m[INFO] 12:05:31,110 [Test worker] network.PersistentNetworkMapCache.addNode - No previous node found
?[m?[37m[INFO] 12:05:31,119 [Test worker] network.PersistentNetworkMapCache.addNode - Done adding node with info: NodeInfo(addresses=[mock.node:1000], legalIdentitiesAndCerts=[O=PartyB, L=Berlin, C=DE], platformVersion=1, serial=1552320330973)
?[m?[37m[INFO] 12:05:31,120 [Test worker] network.PersistentNetworkMapCache.addNode - Adding node with info: NodeInfo(addresses=[mock.node:1000], legalIdentitiesAndCerts=[O=PartyB, L=Berlin, C=DE], platformVersion=1, serial=1552320330973)
?[m?[37m[INFO] 12:05:31,125 [Test worker] network.PersistentNetworkMapCache.addNode - Previous node was identical to incoming one - doing nothing
?[m?[37m[INFO] 12:05:31,126 [Test worker] network.PersistentNetworkMapCache.addNode - Done adding node with info: NodeInfo(addresses=[mock.node:1000], legalIdentitiesAndCerts=[O=PartyB, L=Berlin, C=DE], platformVersion=1, serial=1552320330973)
?[m?[37m[INFO] 12:05:31,127 [Test worker] network.PersistentNetworkMapCache.addNode - Adding node with info: NodeInfo(addresses=[mock.node:1000], legalIdentitiesAndCerts=[O=PartyB, L=Berlin, C=DE], platformVersion=1, serial=1552320330973)
?[m?[37m[INFO] 12:05:31,128 [Test worker] network.PersistentNetworkMapCache.addNode - Previous node was identical to incoming one - doing nothing
?[m?[37m[INFO] 12:05:31,129 [Test worker] network.PersistentNetworkMapCache.addNode - Done adding node with info: NodeInfo(addresses=[mock.node:1000], legalIdentitiesAndCerts=[O=PartyB, L=Berlin, C=DE], platformVersion=1, serial=1552320330973)
?[mjava.util.concurrent.ThreadPoolExecutor@6cef52ff[Running, pool size = 3, active threads = 3, queued tasks = 0, completed tasks = 0]
java.util.concurrent.ThreadPoolExecutor@6cef52ff[Running, pool size = 2, active threads = 2, queued tasks = 0, completed tasks = 0]
java.util.concurrent.ThreadPoolExecutor@6cef52ff[Running, pool size = 3, active threads = 3, queued tasks = 0, completed tasks = 0]
?[37m[INFO] 12:05:31,481 [Mock node 1 thread] flow.[2811e227-e079-4711-be89-2cf76eb93a15].call - Started sending message How
?[m?[37m[INFO] 12:05:31,673 [Mock node 1 thread] flow.[2811e227-e079-4711-be89-2cf76eb93a15].collectSignature - Suspending to collect signatures How
?[m?[37m[INFO] 12:05:31,728 [Mock node 1 thread] flow.[2811e227-e079-4711-be89-2cf76eb93a15].initiateSession - Initiating flow session with party O=PartyB, L=Berlin, C=DE. Session id for tracing purposes is SessionId(toLong=8861309218972794631).
?[m?[37m[INFO] 12:05:31,804 [Mock node 1 thread] flow.[d07b5cfb-b10c-44e7-8057-4ef81d3227fe].call - Started sending message hey
?[m?[37m[INFO] 12:05:31,837 [Mock node 1 thread] flow.[d07b5cfb-b10c-44e7-8057-4ef81d3227fe].collectSignature - Suspending to collect signatures hey
?[m?[37m[INFO] 12:05:31,842 [Mock node 1 thread] flow.[d07b5cfb-b10c-44e7-8057-4ef81d3227fe].initiateSession - Initiating flow session with party O=PartyB, L=Berlin, C=DE. Session id for tracing purposes is SessionId(toLong=4582753551211547637).
?[m?[37m[INFO] 12:05:31,825 [Mock node 2 thread] statemachine.StateMachineManagerImpl.onSessionInit - Accepting flow session from party O=PartyA, L=Berlin, C=DE. Session id for tracing purposes is SessionId(toLong=8861309218972794631). {invocation_id=95eb3308-c278-4357-8222-9145b14a6f1e, invocation_timestamp=2019-03-11T16:05:31.817Z, session_id=95eb3308-c278-4357-8222-9145b14a6f1e, session_timestamp=2019-03-11T16:05:31.817Z}
?[m?[37m[INFO] 12:05:31,851 [Mock node 1 thread] flow.[5ba0d809-cf08-41b1-b725-d096679f0a0f].call - Started sending message hey
?[m?[37m[INFO] 12:05:31,878 [Mock node 2 thread] statemachine.StateMachineManagerImpl.onSessionInit - Accepting flow session from party O=PartyA, L=Berlin, C=DE. Session id for tracing purposes is SessionId(toLong=4582753551211547637). {invocation_id=684dce3f-7f10-4d45-9b44-ca03137665a2, invocation_timestamp=2019-03-11T16:05:31.877Z, session_id=684dce3f-7f10-4d45-9b44-ca03137665a2, session_timestamp=2019-03-11T16:05:31.877Z}
?[m?[37m[INFO] 12:05:31,879 [Mock node 1 thread] flow.[5ba0d809-cf08-41b1-b725-d096679f0a0f].collectSignature - Suspending to collect signatures hey
?[m?[37m[INFO] 12:05:31,886 [Mock node 1 thread] flow.[5ba0d809-cf08-41b1-b725-d096679f0a0f].initiateSession - Initiating flow session with party O=PartyB, L=Berlin, C=DE. Session id for tracing purposes is SessionId(toLong=8296317150552463986).
?[m?[37m[INFO] 12:05:31,893 [Mock node 1 thread] flow.[258803be-569d-4a94-934e-b529ce43823d].call - Started sending message Are
?[m?[37m[INFO] 12:05:31,920 [Mock node 1 thread] flow.[258803be-569d-4a94-934e-b529ce43823d].collectSignature - Suspending to collect signatures Are
?[m?[37m[INFO] 12:05:31,928 [Mock node 1 thread] flow.[258803be-569d-4a94-934e-b529ce43823d].initiateSession - Initiating flow session with party O=PartyB, L=Berlin, C=DE. Session id for tracing purposes is SessionId(toLong=-8423930978784216855).
?[m?[37m[INFO] 12:05:31,938 [Mock node 2 thread] statemachine.StateMachineManagerImpl.onSessionInit - Accepting flow session from party O=PartyA, L=Berlin, C=DE. Session id for tracing purposes is SessionId(toLong=8296317150552463986). {invocation_id=c022b3d8-d860-46d2-8611-49a51ee8f5a8, invocation_timestamp=2019-03-11T16:05:31.937Z, session_id=c022b3d8-d860-46d2-8611-49a51ee8f5a8, session_timestamp=2019-03-11T16:05:31.937Z}
?[m?[37m[INFO] 12:05:31,955 [Mock node 2 thread] statemachine.StateMachineManagerImpl.onSessionInit - Accepting flow session from party O=PartyA, L=Berlin, C=DE. Session id for tracing purposes is SessionId(toLong=-8423930978784216855). {invocation_id=c5625792-c880-408b-8e76-3ad873dffe7e, invocation_timestamp=2019-03-11T16:05:31.954Z, session_id=c5625792-c880-408b-8e76-3ad873dffe7e, session_timestamp=2019-03-11T16:05:31.954Z}
?[m?[37m[INFO] 12:05:32,029 [Mock node 1 thread] flow.[2811e227-e079-4711-be89-2cf76eb93a15].call - Suspending to finalise How
?[m?[37m[INFO] 12:05:32,075 [Mock node 1 thread] flow.[2811e227-e079-4711-be89-2cf76eb93a15].initiateSession - Initiating flow session with party O=PartyB, L=Berlin, C=DE. Session id for tracing purposes is SessionId(toLong=2260922613678695620).
?[m?[37m[INFO] 12:05:32,092 [Mock node 2 thread] statemachine.StateMachineManagerImpl.onSessionInit - Accepting flow session from party O=PartyA, L=Berlin, C=DE. Session id for tracing purposes is SessionId(toLong=2260922613678695620). {invocation_id=c4a2f3c9-923f-4640-91ca-4179d45c3324, invocation_timestamp=2019-03-11T16:05:32.091Z, session_id=c4a2f3c9-923f-4640-91ca-4179d45c3324, session_timestamp=2019-03-11T16:05:32.091Z}
?[m?[37m[INFO] 12:05:32,108 [Mock node 1 thread] flow.[d07b5cfb-b10c-44e7-8057-4ef81d3227fe].call - Suspending to finalise hey
?[m?[37m[INFO] 12:05:32,119 [Mock node 1 thread] flow.[d07b5cfb-b10c-44e7-8057-4ef81d3227fe].initiateSession - Initiating flow session with party O=PartyB, L=Berlin, C=DE. Session id for tracing purposes is SessionId(toLong=5762411290828303377).
?[m?[37m[INFO] 12:05:32,127 [Mock node 2 thread] statemachine.StateMachineManagerImpl.onSessionInit - Accepting flow session from party O=PartyA, L=Berlin, C=DE. Session id for tracing purposes is SessionId(toLong=5762411290828303377). {invocation_id=2c69dab2-0580-47e6-ac2f-c300720b20fb, invocation_timestamp=2019-03-11T16:05:32.126Z, session_id=2c69dab2-0580-47e6-ac2f-c300720b20fb, session_timestamp=2019-03-11T16:05:32.126Z}
?[m?[37m[INFO] 12:05:32,131 [Mock node 1 thread] flow.[5ba0d809-cf08-41b1-b725-d096679f0a0f].call - Suspending to finalise hey
?[m?[37m[INFO] 12:05:32,141 [Mock node 1 thread] flow.[5ba0d809-cf08-41b1-b725-d096679f0a0f].initiateSession - Initiating flow session with party O=PartyB, L=Berlin, C=DE. Session id for tracing purposes is SessionId(toLong=5882770034526658366).
?[m?[37m[INFO] 12:05:32,149 [Mock node 1 thread] flow.[258803be-569d-4a94-934e-b529ce43823d].call - Suspending to finalise Are
?[m?[37m[INFO] 12:05:32,149 [Mock node 2 thread] statemachine.StateMachineManagerImpl.onSessionInit - Accepting flow session from party O=PartyA, L=Berlin, C=DE. Session id for tracing purposes is SessionId(toLong=5882770034526658366). {invocation_id=abfe9667-2d3b-4d60-8793-4a8b5ea03446, invocation_timestamp=2019-03-11T16:05:32.148Z, session_id=abfe9667-2d3b-4d60-8793-4a8b5ea03446, session_timestamp=2019-03-11T16:05:32.148Z}
?[m?[37m[INFO] 12:05:32,159 [Mock node 1 thread] flow.[258803be-569d-4a94-934e-b529ce43823d].initiateSession - Initiating flow session with party O=PartyB, L=Berlin, C=DE. Session id for tracing purposes is SessionId(toLong=8993879200271054948).
?[m?[37m[INFO] 12:05:32,172 [Mock node 1 thread] flow.[2811e227-e079-4711-be89-2cf76eb93a15].call - Finished sending message How
?[m?[37m[INFO] 12:05:32,173 [Mock node 2 thread] statemachine.StateMachineManagerImpl.onSessionInit - Accepting flow session from party O=PartyA, L=Berlin, C=DE. Session id for tracing purposes is SessionId(toLong=8993879200271054948). {invocation_id=c921d378-f1fd-437a-a809-16863b1b26d8, invocation_timestamp=2019-03-11T16:05:32.172Z, session_id=c921d378-f1fd-437a-a809-16863b1b26d8, session_timestamp=2019-03-11T16:05:32.172Z}
?[m?[37m[INFO] 12:05:32,198 [Mock node 1 thread] flow.[d07b5cfb-b10c-44e7-8057-4ef81d3227fe].call - Finished sending message hey
?[m?[37m[INFO] 12:05:32,201 [Mock node 1 thread] flow.[5ba0d809-cf08-41b1-b725-d096679f0a0f].call - Finished sending message hey
?[mresult : kotlin.Unit
?[37m[INFO] 12:05:32,204 [Mock node 1 thread] flow.[258803be-569d-4a94-934e-b529ce43823d].call - Finished sending message Are
?[m?[37m[INFO] 12:05:32,210 [Test worker] vault.NodeVaultService._queryBy - Vault Query for contract type: class asyncFlowInvocation.State.MessageState, criteria: VaultQueryCriteria(status=UNCONSUMED, contractStateTypes=null, stateRefs=null, notary=null, softLockingCondition=null, timeCondition=null), pagination: PageSpecification(pageNumber=-1, pageSize=200), sorting: Sort(columns=[])
?[mstatesB : 4
statesData : MessageState(sender=O=PartyA, L=Berlin, C=DE, recipient=O=PartyB, L=Berlin, C=DE, contents=How, linearId=d7c9ba61-36af-4a53-a348-795505597c69, participants=[O=PartyA, L=Berlin, C=DE, O=PartyB, L=Berlin, C=DE])
?[37m[INFO] 12:05:32,259 [Test worker] pool.HikariPool.shutdown - HikariPool-1 - Close initiated...
?[m?[37m[INFO] 12:05:32,264 [Test worker] pool.HikariPool.shutdown - HikariPool-1 - Closed.
?[m?[37m[INFO] 12:05:32,266 [Test worker] pool.HikariPool.shutdown - HikariPool-2 - Close initiated...
?[m?[37m[INFO] 12:05:32,269 [Test worker] pool.HikariPool.shutdown - HikariPool-2 - Closed.
?[m?[37m[INFO] 12:05:32,271 [Test worker] pool.HikariPool.shutdown - HikariPool-3 - Close initiated...
?[m?[37m[INFO] 12:05:32,273 [Test worker] pool.HikariPool.shutdown - HikariPool-3 - Closed.
?[m]]></system-out>
  <system-err><![CDATA[QUASAR WARNING: Assertions enabled. This may harm performance.
QUASAR WARNING: Fibers are set to verify instrumentation. This may *severely* harm performance.
]]></system-err>
</testsuite>
