<?xml version="1.0" encoding="UTF-8"?>
<testsuite name="com.asyncFlowInvocation.flow.ReplyToMessagesFlowTest" tests="1" skipped="0" failures="1" errors="0" timestamp="2019-03-11T19:56:28" hostname="AMAC02XH3YTJHCD" time="5.613">
  <properties/>
  <testcase name="Flow runs without errors" classname="com.asyncFlowInvocation.flow.ReplyToMessagesFlowTest" time="5.613">
    <failure message="java.util.ServiceConfigurationError: net.corda.core.serialization.SerializationWhitelist: Provider com.com.asyncFlowInvocation.TemplateSerializationWhitelist not found" type="java.util.ServiceConfigurationError">java.util.ServiceConfigurationError: net.corda.core.serialization.SerializationWhitelist: Provider com.com.asyncFlowInvocation.TemplateSerializationWhitelist not found
	at java.util.ServiceLoader.fail(ServiceLoader.java:239)
	at java.util.ServiceLoader.access$300(ServiceLoader.java:185)
	at java.util.ServiceLoader$LazyIterator.nextService(ServiceLoader.java:372)
	at java.util.ServiceLoader$LazyIterator.next(ServiceLoader.java:404)
	at java.util.ServiceLoader$1.next(ServiceLoader.java:480)
	at kotlin.collections.CollectionsKt___CollectionsKt.toCollection(_Collections.kt:1042)
	at kotlin.collections.CollectionsKt___CollectionsKt.toMutableList(_Collections.kt:1075)
	at kotlin.collections.CollectionsKt___CollectionsKt.toList(_Collections.kt:1066)
	at net.corda.nodeapi.internal.serialization.amqp.AbstractAMQPSerializationScheme$Companion$serializationWhitelists$2.invoke(AMQPSerializationScheme.kt:37)
	at net.corda.nodeapi.internal.serialization.amqp.AbstractAMQPSerializationScheme$Companion$serializationWhitelists$2.invoke(AMQPSerializationScheme.kt:35)
	at kotlin.SynchronizedLazyImpl.getValue(Lazy.kt:130)
	at net.corda.nodeapi.internal.serialization.amqp.AbstractAMQPSerializationScheme$Companion.getSerializationWhitelists(AMQPSerializationScheme.kt:65535)
	at net.corda.nodeapi.internal.serialization.amqp.AbstractAMQPSerializationScheme$Companion.access$getSerializationWhitelists$p(AMQPSerializationScheme.kt:35)
	at net.corda.nodeapi.internal.serialization.amqp.AbstractAMQPSerializationScheme.registerCustomSerializers(AMQPSerializationScheme.kt:80)
	at net.corda.nodeapi.internal.serialization.amqp.AbstractAMQPSerializationScheme.getSerializerFactory(AMQPSerializationScheme.kt:118)
	at net.corda.nodeapi.internal.serialization.amqp.AbstractAMQPSerializationScheme.serialize(AMQPSerializationScheme.kt:127)
	at net.corda.nodeapi.internal.serialization.SerializationFactoryImpl$serialize$1$1.invoke(SerializationScheme.kt:126)
	at net.corda.nodeapi.internal.serialization.SerializationFactoryImpl$serialize$1$1.invoke(SerializationScheme.kt:86)
	at net.corda.core.serialization.SerializationFactory.withCurrentContext(SerializationAPI.kt:66)
	at net.corda.nodeapi.internal.serialization.SerializationFactoryImpl$serialize$1.invoke(SerializationScheme.kt:126)
	at net.corda.nodeapi.internal.serialization.SerializationFactoryImpl$serialize$1.invoke(SerializationScheme.kt:86)
	at net.corda.core.serialization.SerializationFactory.asCurrent(SerializationAPI.kt:80)
	at net.corda.nodeapi.internal.serialization.SerializationFactoryImpl.serialize(SerializationScheme.kt:126)
	at net.corda.core.serialization.SerializationAPIKt.serialize(SerializationAPI.kt:231)
	at net.corda.core.serialization.SerializationAPIKt.serialize$default(SerializationAPI.kt:230)
	at net.corda.core.internal.InternalUtils.signWithCert(InternalUtils.kt:390)
	at net.corda.nodeapi.internal.network.NetworkParametersCopier.&lt;init&gt;(NetworkParametersCopier.kt:20)
	at net.corda.nodeapi.internal.network.NetworkParametersCopier.&lt;init&gt;(NetworkParametersCopier.kt:17)
	at net.corda.testing.node.internal.InternalMockNetwork.&lt;init&gt;(InternalMockNetwork.kt:192)
	at net.corda.testing.node.internal.InternalMockNetwork.&lt;init&gt;(InternalMockNetwork.kt:100)
	at net.corda.testing.node.MockNetwork.&lt;init&gt;(MockNetwork.kt:217)
	at net.corda.testing.node.MockNetwork.&lt;init&gt;(MockNetwork.kt:211)
	at com.asyncFlowInvocation.flow.ReplyToMessagesFlowTest.setup(ReplyToMessagesFlowTest.kt:29)
	at sun.reflect.NativeMethodAccessorImpl.invoke0(Native Method)
	at sun.reflect.NativeMethodAccessorImpl.invoke(NativeMethodAccessorImpl.java:62)
	at sun.reflect.DelegatingMethodAccessorImpl.invoke(DelegatingMethodAccessorImpl.java:43)
	at java.lang.reflect.Method.invoke(Method.java:498)
	at org.junit.runners.model.FrameworkMethod$1.runReflectiveCall(FrameworkMethod.java:50)
	at org.junit.internal.runners.model.ReflectiveCallable.run(ReflectiveCallable.java:12)
	at org.junit.runners.model.FrameworkMethod.invokeExplosively(FrameworkMethod.java:47)
	at org.junit.internal.runners.statements.RunBefores.evaluate(RunBefores.java:24)
	at org.junit.internal.runners.statements.RunAfters.evaluate(RunAfters.java:27)
	at org.junit.runners.ParentRunner.runLeaf(ParentRunner.java:325)
	at org.junit.runners.BlockJUnit4ClassRunner.runChild(BlockJUnit4ClassRunner.java:78)
	at org.junit.runners.BlockJUnit4ClassRunner.runChild(BlockJUnit4ClassRunner.java:57)
	at org.junit.runners.ParentRunner$3.run(ParentRunner.java:290)
	at org.junit.runners.ParentRunner$1.schedule(ParentRunner.java:71)
	at org.junit.runners.ParentRunner.runChildren(ParentRunner.java:288)
	at org.junit.runners.ParentRunner.access$000(ParentRunner.java:58)
	at org.junit.runners.ParentRunner$2.evaluate(ParentRunner.java:268)
	at org.junit.runners.ParentRunner.run(ParentRunner.java:363)
	at org.gradle.api.internal.tasks.testing.junit.JUnitTestClassExecuter.runTestClass(JUnitTestClassExecuter.java:114)
	at org.gradle.api.internal.tasks.testing.junit.JUnitTestClassExecuter.execute(JUnitTestClassExecuter.java:57)
	at org.gradle.api.internal.tasks.testing.junit.JUnitTestClassProcessor.processTestClass(JUnitTestClassProcessor.java:66)
	at org.gradle.api.internal.tasks.testing.SuiteTestClassProcessor.processTestClass(SuiteTestClassProcessor.java:51)
	at sun.reflect.NativeMethodAccessorImpl.invoke0(Native Method)
	at sun.reflect.NativeMethodAccessorImpl.invoke(NativeMethodAccessorImpl.java:62)
	at sun.reflect.DelegatingMethodAccessorImpl.invoke(DelegatingMethodAccessorImpl.java:43)
	at java.lang.reflect.Method.invoke(Method.java:498)
	at org.gradle.internal.dispatch.ReflectionDispatch.dispatch(ReflectionDispatch.java:35)
	at org.gradle.internal.dispatch.ReflectionDispatch.dispatch(ReflectionDispatch.java:24)
	at org.gradle.internal.dispatch.ContextClassLoaderDispatch.dispatch(ContextClassLoaderDispatch.java:32)
	at org.gradle.internal.dispatch.ProxyDispatchAdapter$DispatchingInvocationHandler.invoke(ProxyDispatchAdapter.java:93)
	at com.sun.proxy.$Proxy1.processTestClass(Unknown Source)
	at org.gradle.api.internal.tasks.testing.worker.TestWorker.processTestClass(TestWorker.java:109)
	at sun.reflect.NativeMethodAccessorImpl.invoke0(Native Method)
	at sun.reflect.NativeMethodAccessorImpl.invoke(NativeMethodAccessorImpl.java:62)
	at sun.reflect.DelegatingMethodAccessorImpl.invoke(DelegatingMethodAccessorImpl.java:43)
	at java.lang.reflect.Method.invoke(Method.java:498)
	at org.gradle.internal.dispatch.ReflectionDispatch.dispatch(ReflectionDispatch.java:35)
	at org.gradle.internal.dispatch.ReflectionDispatch.dispatch(ReflectionDispatch.java:24)
	at org.gradle.internal.remote.internal.hub.MessageHubBackedObjectConnection$DispatchWrapper.dispatch(MessageHubBackedObjectConnection.java:146)
	at org.gradle.internal.remote.internal.hub.MessageHubBackedObjectConnection$DispatchWrapper.dispatch(MessageHubBackedObjectConnection.java:128)
	at org.gradle.internal.remote.internal.hub.MessageHub$Handler.run(MessageHub.java:404)
	at org.gradle.internal.concurrent.ExecutorPolicy$CatchAndRecordFailures.onExecute(ExecutorPolicy.java:63)
	at org.gradle.internal.concurrent.ManagedExecutorImpl$1.run(ManagedExecutorImpl.java:46)
	at java.util.concurrent.ThreadPoolExecutor.runWorker(ThreadPoolExecutor.java:1149)
	at java.util.concurrent.ThreadPoolExecutor$Worker.run(ThreadPoolExecutor.java:624)
	at org.gradle.internal.concurrent.ThreadFactoryImpl$ManagedThreadRunnable.run(ThreadFactoryImpl.java:55)
	at java.lang.Thread.run(Thread.java:748)
</failure>
    <failure message="kotlin.UninitializedPropertyAccessException: lateinit property mockNetwork has not been initialized" type="kotlin.UninitializedPropertyAccessException">kotlin.UninitializedPropertyAccessException: lateinit property mockNetwork has not been initialized
	at com.asyncFlowInvocation.flow.ReplyToMessagesFlowTest.tearDown(ReplyToMessagesFlowTest.kt:47)
	at sun.reflect.NativeMethodAccessorImpl.invoke0(Native Method)
	at sun.reflect.NativeMethodAccessorImpl.invoke(NativeMethodAccessorImpl.java:62)
	at sun.reflect.DelegatingMethodAccessorImpl.invoke(DelegatingMethodAccessorImpl.java:43)
	at java.lang.reflect.Method.invoke(Method.java:498)
	at org.junit.runners.model.FrameworkMethod$1.runReflectiveCall(FrameworkMethod.java:50)
	at org.junit.internal.runners.model.ReflectiveCallable.run(ReflectiveCallable.java:12)
	at org.junit.runners.model.FrameworkMethod.invokeExplosively(FrameworkMethod.java:47)
	at org.junit.internal.runners.statements.RunAfters.evaluate(RunAfters.java:33)
	at org.junit.runners.ParentRunner.runLeaf(ParentRunner.java:325)
	at org.junit.runners.BlockJUnit4ClassRunner.runChild(BlockJUnit4ClassRunner.java:78)
	at org.junit.runners.BlockJUnit4ClassRunner.runChild(BlockJUnit4ClassRunner.java:57)
	at org.junit.runners.ParentRunner$3.run(ParentRunner.java:290)
	at org.junit.runners.ParentRunner$1.schedule(ParentRunner.java:71)
	at org.junit.runners.ParentRunner.runChildren(ParentRunner.java:288)
	at org.junit.runners.ParentRunner.access$000(ParentRunner.java:58)
	at org.junit.runners.ParentRunner$2.evaluate(ParentRunner.java:268)
	at org.junit.runners.ParentRunner.run(ParentRunner.java:363)
	at org.gradle.api.internal.tasks.testing.junit.JUnitTestClassExecuter.runTestClass(JUnitTestClassExecuter.java:114)
	at org.gradle.api.internal.tasks.testing.junit.JUnitTestClassExecuter.execute(JUnitTestClassExecuter.java:57)
	at org.gradle.api.internal.tasks.testing.junit.JUnitTestClassProcessor.processTestClass(JUnitTestClassProcessor.java:66)
	at org.gradle.api.internal.tasks.testing.SuiteTestClassProcessor.processTestClass(SuiteTestClassProcessor.java:51)
	at sun.reflect.NativeMethodAccessorImpl.invoke0(Native Method)
	at sun.reflect.NativeMethodAccessorImpl.invoke(NativeMethodAccessorImpl.java:62)
	at sun.reflect.DelegatingMethodAccessorImpl.invoke(DelegatingMethodAccessorImpl.java:43)
	at java.lang.reflect.Method.invoke(Method.java:498)
	at org.gradle.internal.dispatch.ReflectionDispatch.dispatch(ReflectionDispatch.java:35)
	at org.gradle.internal.dispatch.ReflectionDispatch.dispatch(ReflectionDispatch.java:24)
	at org.gradle.internal.dispatch.ContextClassLoaderDispatch.dispatch(ContextClassLoaderDispatch.java:32)
	at org.gradle.internal.dispatch.ProxyDispatchAdapter$DispatchingInvocationHandler.invoke(ProxyDispatchAdapter.java:93)
	at com.sun.proxy.$Proxy1.processTestClass(Unknown Source)
	at org.gradle.api.internal.tasks.testing.worker.TestWorker.processTestClass(TestWorker.java:109)
	at sun.reflect.NativeMethodAccessorImpl.invoke0(Native Method)
	at sun.reflect.NativeMethodAccessorImpl.invoke(NativeMethodAccessorImpl.java:62)
	at sun.reflect.DelegatingMethodAccessorImpl.invoke(DelegatingMethodAccessorImpl.java:43)
	at java.lang.reflect.Method.invoke(Method.java:498)
	at org.gradle.internal.dispatch.ReflectionDispatch.dispatch(ReflectionDispatch.java:35)
	at org.gradle.internal.dispatch.ReflectionDispatch.dispatch(ReflectionDispatch.java:24)
	at org.gradle.internal.remote.internal.hub.MessageHubBackedObjectConnection$DispatchWrapper.dispatch(MessageHubBackedObjectConnection.java:146)
	at org.gradle.internal.remote.internal.hub.MessageHubBackedObjectConnection$DispatchWrapper.dispatch(MessageHubBackedObjectConnection.java:128)
	at org.gradle.internal.remote.internal.hub.MessageHub$Handler.run(MessageHub.java:404)
	at org.gradle.internal.concurrent.ExecutorPolicy$CatchAndRecordFailures.onExecute(ExecutorPolicy.java:63)
	at org.gradle.internal.concurrent.ManagedExecutorImpl$1.run(ManagedExecutorImpl.java:46)
	at java.util.concurrent.ThreadPoolExecutor.runWorker(ThreadPoolExecutor.java:1149)
	at java.util.concurrent.ThreadPoolExecutor$Worker.run(ThreadPoolExecutor.java:624)
	at org.gradle.internal.concurrent.ThreadFactoryImpl$ManagedThreadRunnable.run(ThreadFactoryImpl.java:55)
	at java.lang.Thread.run(Thread.java:748)
</failure>
  </testcase>
  <system-out><![CDATA[?[37m[INFO] 15:56:31,719 [Test worker] eddsa.EdDSASecurityProviderRegistrar.getOrCreateProvider - getOrCreateProvider(EdDSA) created instance of net.i2p.crypto.eddsa.EdDSASecurityProvider
?[m]]></system-out>
  <system-err><![CDATA[]]></system-err>
</testsuite>
